[debug] [2024-12-15T07:47:37.944Z] ----------------------------------------------------------------------
[debug] [2024-12-15T07:47:37.945Z] Command:       C:\Program Files\nodejs\node.exe C:\Users\Barbara\AppData\Roaming\npm\node_modules\firebase-tools\lib\bin\firebase.js init functions
[debug] [2024-12-15T07:47:37.945Z] CLI Version:   13.29.1
[debug] [2024-12-15T07:47:37.946Z] Platform:      win32
[debug] [2024-12-15T07:47:37.946Z] Node Version:  v20.15.1
[debug] [2024-12-15T07:47:37.946Z] Time:          Sun Dec 15 2024 08:47:37 GMT+0100 (Ora standard dell’Europa centrale)
[debug] [2024-12-15T07:47:37.946Z] ----------------------------------------------------------------------
[debug] 
[debug] [2024-12-15T07:47:37.949Z] > command requires scopes: ["email","openid","https://www.googleapis.com/auth/cloudplatformprojects.readonly","https://www.googleapis.com/auth/firebase","https://www.googleapis.com/auth/cloud-platform"]
[debug] [2024-12-15T07:47:37.949Z] > authorizing via signed-in user (adhdologia@gmail.com)
[info] 
     ######## #### ########  ######## ########     ###     ######  ########
     ##        ##  ##     ## ##       ##     ##  ##   ##  ##       ##
     ######    ##  ########  ######   ########  #########  ######  ######
     ##        ##  ##    ##  ##       ##     ## ##     ##       ## ##
     ##       #### ##     ## ######## ########  ##     ##  ######  ########

You're about to initialize a Firebase project in this directory:

  D:\Documents\GitHub\barbarailardo.github.io

[info] 
=== Project Setup
[info] 
[info] First, let's associate this project directory with a Firebase project.
[info] You can create multiple project aliases by running firebase use --add, 
[info] but for now we'll just set up a default project.
[info] 
[info] i  If you want to create a project in a Google Cloud organization or folder, please use "firebase projects:create" instead, and return to this command when you've created the project. 
[debug] [2024-12-15T07:48:43.692Z] Checked if tokens are valid: false, expires at: 1734191018132
[debug] [2024-12-15T07:48:43.692Z] Checked if tokens are valid: false, expires at: 1734191018132
[debug] [2024-12-15T07:48:43.692Z] > refreshing access token with scopes: []
[debug] [2024-12-15T07:48:43.694Z] >>> [apiv2][query] POST https://www.googleapis.com/oauth2/v3/token [none]
[debug] [2024-12-15T07:48:43.694Z] >>> [apiv2][body] POST https://www.googleapis.com/oauth2/v3/token [omitted]
[debug] [2024-12-15T07:48:43.820Z] <<< [apiv2][status] POST https://www.googleapis.com/oauth2/v3/token 200
[debug] [2024-12-15T07:48:43.820Z] <<< [apiv2][body] POST https://www.googleapis.com/oauth2/v3/token [omitted]
[debug] [2024-12-15T07:48:43.823Z] >>> [apiv2][query] POST https://cloudresourcemanager.googleapis.com/v1/projects [none]
[debug] [2024-12-15T07:48:43.824Z] >>> [apiv2][body] POST https://cloudresourcemanager.googleapis.com/v1/projects {"projectId":"ADHDologia_website","name":"ADHDologia_website"}
[debug] [2024-12-15T07:48:44.614Z] <<< [apiv2][status] POST https://cloudresourcemanager.googleapis.com/v1/projects 400
[debug] [2024-12-15T07:48:44.615Z] <<< [apiv2][body] POST https://cloudresourcemanager.googleapis.com/v1/projects {"error":{"code":400,"message":"Request contains an invalid argument.","status":"INVALID_ARGUMENT","details":[{"@type":"type.googleapis.com/google.rpc.BadRequest","fieldViolations":[{"field":"project_id","description":"project_id contains invalid characters"},{"field":"display_name","description":"project display name contains invalid characters"}]},{"@type":"type.googleapis.com/google.rpc.Help","links":[{"url":"https://cloud.google.com/resource-manager/reference/rest/v1/projects"}]}]}}
[debug] [2024-12-15T07:48:44.697Z] FirebaseError: Request to https://cloudresourcemanager.googleapis.com/v1/projects had HTTP Error: 400, Request contains an invalid argument.
    at responseToError (C:\Users\Barbara\AppData\Roaming\npm\node_modules\firebase-tools\lib\responseToError.js:52:12)
    at RetryOperation._fn (C:\Users\Barbara\AppData\Roaming\npm\node_modules\firebase-tools\lib\apiv2.js:312:77)
    at process.processTicksAndRejections (node:internal/process/task_queues:95:5)
[error] 
[error] Error: Failed to create project. See firebase-debug.log for more info.
[debug] [2024-12-15T07:54:18.881Z] ----------------------------------------------------------------------
[debug] [2024-12-15T07:54:18.882Z] Command:       C:\Program Files\nodejs\node.exe C:\Users\Barbara\AppData\Roaming\npm\node_modules\firebase-tools\lib\bin\firebase.js init functions
[debug] [2024-12-15T07:54:18.883Z] CLI Version:   13.29.1
[debug] [2024-12-15T07:54:18.883Z] Platform:      win32
[debug] [2024-12-15T07:54:18.883Z] Node Version:  v20.15.1
[debug] [2024-12-15T07:54:18.883Z] Time:          Sun Dec 15 2024 08:54:18 GMT+0100 (Ora standard dell’Europa centrale)
[debug] [2024-12-15T07:54:18.883Z] ----------------------------------------------------------------------
[debug] 
[debug] [2024-12-15T07:54:18.886Z] > command requires scopes: ["email","openid","https://www.googleapis.com/auth/cloudplatformprojects.readonly","https://www.googleapis.com/auth/firebase","https://www.googleapis.com/auth/cloud-platform"]
[debug] [2024-12-15T07:54:18.886Z] > authorizing via signed-in user (adhdologia@gmail.com)
[info] 
     ######## #### ########  ######## ########     ###     ######  ########
     ##        ##  ##     ## ##       ##     ##  ##   ##  ##       ##
     ######    ##  ########  ######   ########  #########  ######  ######
     ##        ##  ##    ##  ##       ##     ## ##     ##       ## ##
     ##       #### ##     ## ######## ########  ##     ##  ######  ########

You're about to initialize a Firebase project in this directory:

  D:\Documents\GitHub\barbarailardo.github.io

